<?xml version="1.0" encoding="UTF-8"?>
<!-- Generated by org.testng.reporters.JUnitReportReporter -->
<testsuite hostname="Mehamood" failures="0" tests="2" name="basics.Basic4" time="0.007" errors="0" timestamp="2021-02-24T23:42:05 IST" skipped="0">
  <testcase classname="basics.Basic4" name="WebHomeLoan" time="0.004"/>
  <system-out/>
  <testcase classname="basics.Basic4" name="MobileHomeLoan" time="0.003"/>
  <system-out/>
</testsuite> <!-- basics.Basic4 -->
