<?xml version="1.0" encoding="UTF-8"?>
<!-- Generated by org.testng.reporters.JUnitReportReporter -->
<testsuite hostname="Mehamood" failures="0" tests="3" name="basics.Basics6" time="0.019" errors="0" timestamp="2021-02-24T22:50:14 IST" skipped="0">
  <testcase classname="basics.Basics6" name="Demo3" time="0.004"/>
  <system-out/>
  <testcase classname="basics.Basics6" name="Demo2" time="0.002"/>
  <system-out/>
  <testcase classname="basics.Basics6" name="Demo1" time="0.013"/>
  <system-out/>
</testsuite> <!-- basics.Basics6 -->
