<?xml version="1.0" encoding="UTF-8"?>
<!-- Generated by org.testng.reporters.JUnitReportReporter -->
<testsuite hostname="Mehamood" failures="0" tests="3" name="basics.Baics5" time="0.010" errors="0" timestamp="2021-02-24T21:02:42 IST" skipped="0">
  <testcase classname="basics.Baics5" name="Demo1" time="0.007"/>
  <system-out/>
  <testcase classname="basics.Baics5" name="Demo1" time="0.001"/>
  <system-out/>
  <testcase classname="basics.Baics5" name="Demo1" time="0.002"/>
  <system-out/>
</testsuite> <!-- basics.Baics5 -->
