<?xml version="1.0" encoding="UTF-8"?>
<!-- Generated by org.testng.reporters.JUnitReportReporter -->
<testsuite hostname="Mehamood" failures="0" tests="1" name="basics.Basic1" time="0.007" errors="0" timestamp="2021-02-24T23:42:05 IST" skipped="0">
  <testcase classname="basics.Basic1" name="Demo" time="0.007"/>
  <system-out/>
</testsuite> <!-- basics.Basic1 -->
