<?xml version="1.0" encoding="UTF-8"?>
<!-- Generated by org.testng.reporters.JUnitReportReporter -->
<testsuite hostname="Mehamood" failures="0" tests="1" name="basics.Basic2" time="0.001" errors="0" timestamp="2021-02-24T23:42:05 IST" skipped="0">
  <testcase classname="basics.Basic2" name="Demo4" time="0.001"/>
  <system-out/>
</testsuite> <!-- basics.Basic2 -->
